<?xml version="1.0" encoding="UTF-8"?>
<!-- Generated by org.testng.reporters.JUnitReportReporter -->
<testsuite skipped="0" hostname="v2mumpc0455" name="in.v2solutions.hybrid.util.GetBuildNumber" tests="1" failures="0" timestamp="20 Jul 2018 11:08:21 GMT" time="27.417" errors="0">
  <testcase name="buildNo" time="27.417" classname="in.v2solutions.hybrid.util.GetBuildNumber"/>
</testsuite> <!-- in.v2solutions.hybrid.util.GetBuildNumber -->
