<?xml version="1.0" encoding="UTF-8"?>
<!-- Generated by org.testng.reporters.JUnitReportReporter -->
<testsuite skipped="1" hostname="v2mumpc0014" name="in.v2solutions.hybrid.testcases.LT_01_Verify_OffersViaSPS_CRAsExcellentAndSecondMortgageAsNo" tests="1" failures="0" timestamp="11 Sep 2017 14:53:53 GMT" time="0.008" errors="0">
  <testcase name="verify_OffersViaSPS_CRAsExcellentAndSecondMortgageAsNo" time="0.008" classname="in.v2solutions.hybrid.testcases.LT_01_Verify_OffersViaSPS_CRAsExcellentAndSecondMortgageAsNo">
    <skipped/>
  </testcase> <!-- verify_OffersViaSPS_CRAsExcellentAndSecondMortgageAsNo -->
</testsuite> <!-- in.v2solutions.hybrid.testcases.LT_01_Verify_OffersViaSPS_CRAsExcellentAndSecondMortgageAsNo -->
