<?xml version="1.0" encoding="UTF-8"?>
<!-- Generated by org.testng.reporters.JUnitReportReporter -->
<testsuite skipped="0" hostname="v2mumpc0464" name="in.v2solutions.hybrid.testcases.HLT_09_Verify_SearchDetails_TransferHistory" tests="1" failures="0" timestamp="31 Jan 2019 22:34:51 GMT" time="243.507" errors="0">
  <testcase name="verify_SearchDetails_TransferHistory" time="243.507" classname="in.v2solutions.hybrid.testcases.HLT_09_Verify_SearchDetails_TransferHistory"/>
</testsuite> <!-- in.v2solutions.hybrid.testcases.HLT_09_Verify_SearchDetails_TransferHistory -->
