<?xml version="1.0" encoding="UTF-8"?>
<!-- Generated by org.testng.reporters.JUnitReportReporter -->
<testsuite skipped="1" hostname="v2mumpc0464" name="in.v2solutions.hybrid.testcases.HLT_41_Verify_SubJobTransferActions" tests="1" failures="0" timestamp="31 Jan 2019 22:34:51 GMT" time="0.000" errors="0">
  <testcase name="verify_SubJobTransferActions" time="0.000" classname="in.v2solutions.hybrid.testcases.HLT_41_Verify_SubJobTransferActions">
    <skipped/>
  </testcase> <!-- verify_SubJobTransferActions -->
</testsuite> <!-- in.v2solutions.hybrid.testcases.HLT_41_Verify_SubJobTransferActions -->
